<?xml version="1.0" encoding="UTF-8"?>
<testsuite xmlns:xsi="http://www.w3.org/2001/XMLSchema-instance" xsi:noNamespaceSchemaLocation="https://maven.apache.org/surefire/maven-surefire-plugin/xsd/surefire-test-report.xsd" name="com.example.taulab1.utils.CalculatorTest" time="0.056" tests="10" errors="0" skipped="0" failures="0">
  <properties>
[...]
</properties>
  <testcase name="subtractIntegers" classname="com.example.taulab1.utils.CalculatorTest" time="0.031"/>
  <testcase name="multiplyByNullShouldThrowException" classname="com.example.taulab1.utils.CalculatorTest" time="0"/>
  <testcase name="divideIntegers" classname="com.example.taulab1.utils.CalculatorTest" time="0"/>
  <testcase name="divideIntegersShouldThrowRuntimeException" classname="com.example.taulab1.utils.CalculatorTest" time="0.001"/>
  <testcase name="divideIntegersNPE" classname="com.example.taulab1.utils.CalculatorTest" time="0"/>
  <testcase name="addIntegers" classname="com.example.taulab1.utils.CalculatorTest" time="0"/>
  <testcase name="multiplyIntegers" classname="com.example.taulab1.utils.CalculatorTest" time="0"/>
  <testcase name="multiplyIntegersNPE" classname="com.example.taulab1.utils.CalculatorTest" time="0.001"/>
  <testcase name="subtractIntegersNPE" classname="com.example.taulab1.utils.CalculatorTest" time="0.001"/>
  <testcase name="addIntegersNPE" classname="com.example.taulab1.utils.CalculatorTest" time="0.002"/>
</testsuite>